{"C:\\Users\\shmok\\Documents\\VSCode_Projects\\Classroom-Simulator-MQP\\Simulator\\Config\\CONFIG.ts": {"path":"C:\\Users\\shmok\\Documents\\VSCode_Projects\\Classroom-Simulator-MQP\\Simulator\\Config\\CONFIG.ts","statementMap":{"0":{"start":{"line":23,"column":4},"end":{"line":23,"column":42}},"1":{"start":{"line":24,"column":4},"end":{"line":24,"column":42}},"2":{"start":{"line":25,"column":4},"end":{"line":25,"column":46}},"3":{"start":{"line":26,"column":4},"end":{"line":26,"column":46}},"4":{"start":{"line":27,"column":4},"end":{"line":27,"column":42}},"5":{"start":{"line":28,"column":4},"end":{"line":28,"column":38}},"6":{"start":{"line":29,"column":4},"end":{"line":29,"column":40}},"7":{"start":{"line":30,"column":4},"end":{"line":30,"column":32}},"8":{"start":{"line":34,"column":4},"end":{"line":38,"column":null}},"9":{"start":{"line":35,"column":6},"end":{"line":37,"column":null}},"10":{"start":{"line":36,"column":8},"end":{"line":36,"column":21}},"11":{"start":{"line":39,"column":4},"end":{"line":39,"column":16}},"12":{"start":{"line":43,"column":0},"end":{"line":43,"column":31}}},"fnMap":{"0":{"name":"(anonymous_0)","decl":{"start":{"line":22,"column":2},"end":{"line":22,"column":14}},"loc":{"start":{"line":22,"column":33},"end":{"line":31,"column":3}}},"1":{"name":"(anonymous_1)","decl":{"start":{"line":33,"column":2},"end":{"line":33,"column":9}},"loc":{"start":{"line":33,"column":9},"end":{"line":40,"column":3}}}},"branchMap":{"0":{"loc":{"start":{"line":35,"column":6},"end":{"line":37,"column":null}},"type":"if","locations":[{"start":{"line":35,"column":6},"end":{"line":37,"column":null}}]},"1":{"loc":{"start":{"line":35,"column":10},"end":{"line":35,"column":53}},"type":"binary-expr","locations":[{"start":{"line":35,"column":10},"end":{"line":35,"column":27}},{"start":{"line":35,"column":31},"end":{"line":35,"column":53}}]}},"s":{"0":1,"1":1,"2":1,"3":1,"4":1,"5":1,"6":1,"7":1,"8":0,"9":0,"10":0,"11":0,"12":1},"f":{"0":1,"1":0},"b":{"0":[0],"1":[0,0]}}
,"C:\\Users\\shmok\\Documents\\VSCode_Projects\\Classroom-Simulator-MQP\\Simulator\\Helper Functions\\GenerateRandomNumber.ts": {"path":"C:\\Users\\shmok\\Documents\\VSCode_Projects\\Classroom-Simulator-MQP\\Simulator\\Helper Functions\\GenerateRandomNumber.ts","statementMap":{"0":{"start":{"line":4,"column":2},"end":{"line":9,"column":null}},"1":{"start":{"line":5,"column":12},"end":{"line":5,"column":30}},"2":{"start":{"line":6,"column":4},"end":{"line":6,"column":39}},"3":{"start":{"line":7,"column":4},"end":{"line":7,"column":44}},"4":{"start":{"line":8,"column":4},"end":{"line":8,"column":47}},"5":{"start":{"line":13,"column":20},"end":{"line":13,"column":33}},"6":{"start":{"line":14,"column":2},"end":{"line":14,"column":null}},"7":{"start":{"line":19,"column":0},"end":{"line":19,"column":28}}},"fnMap":{"0":{"name":"sRandom","decl":{"start":{"line":3,"column":9},"end":{"line":3,"column":16}},"loc":{"start":{"line":3,"column":29},"end":{"line":10,"column":1}}},"1":{"name":"(anonymous_1)","decl":{"start":{"line":4,"column":9},"end":{"line":4,"column":null}},"loc":{"start":{"line":4,"column":9},"end":{"line":9,"column":3}}},"2":{"name":"seededRandom","decl":{"start":{"line":12,"column":9},"end":{"line":12,"column":21}},"loc":{"start":{"line":12,"column":34},"end":{"line":15,"column":1}}}},"branchMap":{},"s":{"0":6,"1":6,"2":6,"3":6,"4":6,"5":6,"6":6,"7":1},"f":{"0":6,"1":6,"2":6},"b":{}}
,"C:\\Users\\shmok\\Documents\\VSCode_Projects\\Classroom-Simulator-MQP\\Simulator\\Navigation\\Coordinate.ts": {"path":"C:\\Users\\shmok\\Documents\\VSCode_Projects\\Classroom-Simulator-MQP\\Simulator\\Navigation\\Coordinate.ts","statementMap":{"0":{"start":{"line":5,"column":8},"end":{"line":5,"column":20}},"1":{"start":{"line":6,"column":8},"end":{"line":6,"column":20}},"2":{"start":{"line":11,"column":0},"end":{"line":11,"column":null}}},"fnMap":{"0":{"name":"(anonymous_0)","decl":{"start":{"line":4,"column":4},"end":{"line":4,"column":23}},"loc":{"start":{"line":4,"column":45},"end":{"line":7,"column":5}}}},"branchMap":{},"s":{"0":78,"1":78,"2":1},"f":{"0":78},"b":{}}
,"C:\\Users\\shmok\\Documents\\VSCode_Projects\\Classroom-Simulator-MQP\\Simulator\\Room\\Room.ts": {"path":"C:\\Users\\shmok\\Documents\\VSCode_Projects\\Classroom-Simulator-MQP\\Simulator\\Room\\Room.ts","statementMap":{"0":{"start":{"line":1,"column":0},"end":{"line":1,"column":82}},"1":{"start":{"line":3,"column":0},"end":{"line":3,"column":50}},"2":{"start":{"line":6,"column":0},"end":{"line":6,"column":68}},"3":{"start":{"line":13,"column":4},"end":{"line":13,"column":23}},"4":{"start":{"line":14,"column":4},"end":{"line":14,"column":74}},"5":{"start":{"line":15,"column":4},"end":{"line":15,"column":32}},"6":{"start":{"line":19,"column":18},"end":{"line":19,"column":43}},"7":{"start":{"line":21,"column":4},"end":{"line":43,"column":null}},"8":{"start":{"line":21,"column":25},"end":{"line":21,"column":26}},"9":{"start":{"line":22,"column":25},"end":{"line":22,"column":43}},"10":{"start":{"line":24,"column":6},"end":{"line":41,"column":null}},"11":{"start":{"line":24,"column":27},"end":{"line":24,"column":28}},"12":{"start":{"line":25,"column":37},"end":{"line":25,"column":57}},"13":{"start":{"line":27,"column":8},"end":{"line":40,"column":null}},"14":{"start":{"line":30,"column":10},"end":{"line":35,"column":null}},"15":{"start":{"line":31,"column":12},"end":{"line":31,"column":43}},"16":{"start":{"line":34,"column":12},"end":{"line":34,"column":41}},"17":{"start":{"line":39,"column":10},"end":{"line":39,"column":40}},"18":{"start":{"line":42,"column":6},"end":{"line":42,"column":24}},"19":{"start":{"line":46,"column":20},"end":{"line":46,"column":55}},"20":{"start":{"line":47,"column":4},"end":{"line":59,"column":null}},"21":{"start":{"line":49,"column":18},"end":{"line":49,"column":95}},"22":{"start":{"line":50,"column":6},"end":{"line":50,"column":97}},"23":{"start":{"line":51,"column":11},"end":{"line":59,"column":null}},"24":{"start":{"line":53,"column":18},"end":{"line":53,"column":95}},"25":{"start":{"line":54,"column":6},"end":{"line":54,"column":97}},"26":{"start":{"line":57,"column":18},"end":{"line":57,"column":98}},"27":{"start":{"line":58,"column":6},"end":{"line":58,"column":91}},"28":{"start":{"line":61,"column":4},"end":{"line":61,"column":19}},"29":{"start":{"line":66,"column":4},"end":{"line":69,"column":null}},"30":{"start":{"line":66,"column":17},"end":{"line":66,"column":18}},"31":{"start":{"line":67,"column":35},"end":{"line":67,"column":69}},"32":{"start":{"line":68,"column":6},"end":{"line":68,"column":67}},"33":{"start":{"line":71,"column":4},"end":{"line":74,"column":null}},"34":{"start":{"line":71,"column":17},"end":{"line":71,"column":18}},"35":{"start":{"line":72,"column":35},"end":{"line":72,"column":62}},"36":{"start":{"line":73,"column":6},"end":{"line":73,"column":65}},"37":{"start":{"line":76,"column":4},"end":{"line":96,"column":null}},"38":{"start":{"line":76,"column":17},"end":{"line":76,"column":18}},"39":{"start":{"line":78,"column":26},"end":{"line":78,"column":46}},"40":{"start":{"line":80,"column":23},"end":{"line":80,"column":133}},"41":{"start":{"line":82,"column":6},"end":{"line":95,"column":null}},"42":{"start":{"line":83,"column":25},"end":{"line":83,"column":68}},"43":{"start":{"line":84,"column":8},"end":{"line":90,"column":null}},"44":{"start":{"line":85,"column":10},"end":{"line":85,"column":71}},"45":{"start":{"line":88,"column":39},"end":{"line":88,"column":73}},"46":{"start":{"line":89,"column":10},"end":{"line":89,"column":71}},"47":{"start":{"line":93,"column":37},"end":{"line":93,"column":71}},"48":{"start":{"line":94,"column":8},"end":{"line":94,"column":69}},"49":{"start":{"line":100,"column":4},"end":{"line":104,"column":null}},"50":{"start":{"line":101,"column":6},"end":{"line":101,"column":34}},"51":{"start":{"line":103,"column":6},"end":{"line":103,"column":67}},"52":{"start":{"line":105,"column":4},"end":{"line":105,"column":16}},"53":{"start":{"line":109,"column":52},"end":{"line":109,"column":54}},"54":{"start":{"line":111,"column":4},"end":{"line":120,"column":null}},"55":{"start":{"line":111,"column":17},"end":{"line":111,"column":28}},"56":{"start":{"line":112,"column":6},"end":{"line":119,"column":null}},"57":{"start":{"line":112,"column":19},"end":{"line":112,"column":30}},"58":{"start":{"line":114,"column":8},"end":{"line":118,"column":null}},"59":{"start":{"line":115,"column":10},"end":{"line":117,"column":null}},"60":{"start":{"line":116,"column":12},"end":{"line":116,"column":67}},"61":{"start":{"line":122,"column":4},"end":{"line":124,"column":null}},"62":{"start":{"line":123,"column":6},"end":{"line":123,"column":18}},"63":{"start":{"line":126,"column":4},"end":{"line":126,"column":152}},"64":{"start":{"line":130,"column":4},"end":{"line":136,"column":null}},"65":{"start":{"line":130,"column":17},"end":{"line":130,"column":18}},"66":{"start":{"line":131,"column":6},"end":{"line":135,"column":null}},"67":{"start":{"line":131,"column":19},"end":{"line":131,"column":20}},"68":{"start":{"line":132,"column":8},"end":{"line":134,"column":null}},"69":{"start":{"line":133,"column":10},"end":{"line":133,"column":38}},"70":{"start":{"line":137,"column":4},"end":{"line":137,"column":16}},"71":{"start":{"line":141,"column":39},"end":{"line":141,"column":41}},"72":{"start":{"line":142,"column":4},"end":{"line":148,"column":null}},"73":{"start":{"line":142,"column":17},"end":{"line":142,"column":18}},"74":{"start":{"line":143,"column":6},"end":{"line":147,"column":null}},"75":{"start":{"line":143,"column":19},"end":{"line":143,"column":20}},"76":{"start":{"line":144,"column":8},"end":{"line":146,"column":null}},"77":{"start":{"line":145,"column":10},"end":{"line":145,"column":52}},"78":{"start":{"line":149,"column":4},"end":{"line":149,"column":26}},"79":{"start":{"line":153,"column":4},"end":{"line":159,"column":null}},"80":{"start":{"line":153,"column":17},"end":{"line":153,"column":18}},"81":{"start":{"line":154,"column":6},"end":{"line":158,"column":null}},"82":{"start":{"line":154,"column":19},"end":{"line":154,"column":20}},"83":{"start":{"line":155,"column":8},"end":{"line":157,"column":null}},"84":{"start":{"line":156,"column":10},"end":{"line":156,"column":38}},"85":{"start":{"line":160,"column":4},"end":{"line":160,"column":16}},"86":{"start":{"line":164,"column":39},"end":{"line":164,"column":41}},"87":{"start":{"line":165,"column":4},"end":{"line":171,"column":null}},"88":{"start":{"line":165,"column":17},"end":{"line":165,"column":18}},"89":{"start":{"line":166,"column":6},"end":{"line":170,"column":null}},"90":{"start":{"line":166,"column":19},"end":{"line":166,"column":20}},"91":{"start":{"line":167,"column":8},"end":{"line":169,"column":null}},"92":{"start":{"line":168,"column":10},"end":{"line":168,"column":52}},"93":{"start":{"line":172,"column":4},"end":{"line":172,"column":26}},"94":{"start":{"line":176,"column":4},"end":{"line":182,"column":null}},"95":{"start":{"line":176,"column":17},"end":{"line":176,"column":18}},"96":{"start":{"line":177,"column":6},"end":{"line":181,"column":null}},"97":{"start":{"line":177,"column":19},"end":{"line":177,"column":20}},"98":{"start":{"line":178,"column":8},"end":{"line":180,"column":null}},"99":{"start":{"line":179,"column":10},"end":{"line":179,"column":38}},"100":{"start":{"line":183,"column":4},"end":{"line":183,"column":16}},"101":{"start":{"line":187,"column":37},"end":{"line":187,"column":39}},"102":{"start":{"line":188,"column":4},"end":{"line":194,"column":null}},"103":{"start":{"line":188,"column":17},"end":{"line":188,"column":18}},"104":{"start":{"line":189,"column":6},"end":{"line":193,"column":null}},"105":{"start":{"line":189,"column":19},"end":{"line":189,"column":20}},"106":{"start":{"line":190,"column":8},"end":{"line":192,"column":null}},"107":{"start":{"line":191,"column":10},"end":{"line":191,"column":50}},"108":{"start":{"line":195,"column":4},"end":{"line":195,"column":24}},"109":{"start":{"line":201,"column":39},"end":{"line":201,"column":41}},"110":{"start":{"line":203,"column":4},"end":{"line":209,"column":null}},"111":{"start":{"line":204,"column":6},"end":{"line":208,"column":null}},"112":{"start":{"line":205,"column":8},"end":{"line":207,"column":null}},"113":{"start":{"line":206,"column":10},"end":{"line":206,"column":40}},"114":{"start":{"line":210,"column":4},"end":{"line":213,"column":null}},"115":{"start":{"line":212,"column":6},"end":{"line":212,"column":125}},"116":{"start":{"line":215,"column":4},"end":{"line":215,"column":95}},"117":{"start":{"line":220,"column":39},"end":{"line":220,"column":41}},"118":{"start":{"line":222,"column":4},"end":{"line":231,"column":null}},"119":{"start":{"line":223,"column":6},"end":{"line":230,"column":null}},"120":{"start":{"line":224,"column":8},"end":{"line":229,"column":null}},"121":{"start":{"line":226,"column":10},"end":{"line":228,"column":null}},"122":{"start":{"line":227,"column":12},"end":{"line":227,"column":42}},"123":{"start":{"line":232,"column":4},"end":{"line":234,"column":null}},"124":{"start":{"line":233,"column":6},"end":{"line":233,"column":125}},"125":{"start":{"line":236,"column":4},"end":{"line":236,"column":95}},"126":{"start":{"line":243,"column":39},"end":{"line":243,"column":41}},"127":{"start":{"line":245,"column":4},"end":{"line":261,"column":null}},"128":{"start":{"line":246,"column":6},"end":{"line":260,"column":null}},"129":{"start":{"line":247,"column":8},"end":{"line":259,"column":null}},"130":{"start":{"line":248,"column":33},"end":{"line":248,"column":37}},"131":{"start":{"line":250,"column":10},"end":{"line":254,"column":null}},"132":{"start":{"line":251,"column":12},"end":{"line":253,"column":null}},"133":{"start":{"line":252,"column":14},"end":{"line":252,"column":30}},"134":{"start":{"line":256,"column":10},"end":{"line":258,"column":null}},"135":{"start":{"line":257,"column":12},"end":{"line":257,"column":42}},"136":{"start":{"line":262,"column":4},"end":{"line":264,"column":null}},"137":{"start":{"line":263,"column":6},"end":{"line":263,"column":125}},"138":{"start":{"line":266,"column":4},"end":{"line":266,"column":124}},"139":{"start":{"line":270,"column":22},"end":{"line":270,"column":26}},"140":{"start":{"line":272,"column":4},"end":{"line":277,"column":null}},"141":{"start":{"line":272,"column":17},"end":{"line":272,"column":18}},"142":{"start":{"line":273,"column":6},"end":{"line":275,"column":null}},"143":{"start":{"line":273,"column":19},"end":{"line":273,"column":20}},"144":{"start":{"line":274,"column":8},"end":{"line":274,"column":36}},"145":{"start":{"line":276,"column":6},"end":{"line":276,"column":18}},"146":{"start":{"line":279,"column":4},"end":{"line":279,"column":15}},"147":{"start":{"line":283,"column":27},"end":{"line":283,"column":29}},"148":{"start":{"line":285,"column":4},"end":{"line":291,"column":null}},"149":{"start":{"line":285,"column":17},"end":{"line":285,"column":18}},"150":{"start":{"line":286,"column":16},"end":{"line":286,"column":18}},"151":{"start":{"line":287,"column":6},"end":{"line":289,"column":null}},"152":{"start":{"line":287,"column":19},"end":{"line":287,"column":20}},"153":{"start":{"line":288,"column":8},"end":{"line":288,"column":36}},"154":{"start":{"line":290,"column":6},"end":{"line":290,"column":23}},"155":{"start":{"line":293,"column":4},"end":{"line":293,"column":18}},"156":{"start":{"line":297,"column":30},"end":{"line":297,"column":32}},"157":{"start":{"line":299,"column":4},"end":{"line":305,"column":null}},"158":{"start":{"line":299,"column":17},"end":{"line":299,"column":18}},"159":{"start":{"line":300,"column":26},"end":{"line":300,"column":28}},"160":{"start":{"line":301,"column":6},"end":{"line":303,"column":null}},"161":{"start":{"line":301,"column":19},"end":{"line":301,"column":20}},"162":{"start":{"line":302,"column":8},"end":{"line":302,"column":50}},"163":{"start":{"line":304,"column":6},"end":{"line":304,"column":24}},"164":{"start":{"line":307,"column":4},"end":{"line":307,"column":19}},"165":{"start":{"line":312,"column":4},"end":{"line":312,"column":33}},"166":{"start":{"line":316,"column":0},"end":{"line":316,"column":20}}},"fnMap":{"0":{"name":"(anonymous_1)","decl":{"start":{"line":12,"column":2},"end":{"line":12,"column":14}},"loc":{"start":{"line":12,"column":34},"end":{"line":16,"column":3}}},"1":{"name":"(anonymous_2)","decl":{"start":{"line":18,"column":2},"end":{"line":18,"column":19}},"loc":{"start":{"line":18,"column":48},"end":{"line":62,"column":3}}},"2":{"name":"(anonymous_3)","decl":{"start":{"line":64,"column":2},"end":{"line":64,"column":22}},"loc":{"start":{"line":64,"column":22},"end":{"line":97,"column":3}}},"3":{"name":"(anonymous_4)","decl":{"start":{"line":99,"column":2},"end":{"line":99,"column":21}},"loc":{"start":{"line":99,"column":42},"end":{"line":106,"column":3}}},"4":{"name":"(anonymous_5)","decl":{"start":{"line":108,"column":2},"end":{"line":108,"column":30}},"loc":{"start":{"line":108,"column":48},"end":{"line":127,"column":3}}},"5":{"name":"(anonymous_6)","decl":{"start":{"line":129,"column":2},"end":{"line":129,"column":11}},"loc":{"start":{"line":129,"column":11},"end":{"line":138,"column":3}}},"6":{"name":"(anonymous_7)","decl":{"start":{"line":140,"column":2},"end":{"line":140,"column":15}},"loc":{"start":{"line":140,"column":15},"end":{"line":150,"column":3}}},"7":{"name":"(anonymous_8)","decl":{"start":{"line":152,"column":2},"end":{"line":152,"column":11}},"loc":{"start":{"line":152,"column":11},"end":{"line":161,"column":3}}},"8":{"name":"(anonymous_9)","decl":{"start":{"line":163,"column":2},"end":{"line":163,"column":15}},"loc":{"start":{"line":163,"column":15},"end":{"line":173,"column":3}}},"9":{"name":"(anonymous_10)","decl":{"start":{"line":175,"column":2},"end":{"line":175,"column":9}},"loc":{"start":{"line":175,"column":9},"end":{"line":184,"column":3}}},"10":{"name":"(anonymous_11)","decl":{"start":{"line":186,"column":2},"end":{"line":186,"column":13}},"loc":{"start":{"line":186,"column":13},"end":{"line":196,"column":3}}},"11":{"name":"(anonymous_12)","decl":{"start":{"line":198,"column":2},"end":{"line":198,"column":22}},"loc":{"start":{"line":198,"column":22},"end":{"line":216,"column":3}}},"12":{"name":"(anonymous_13)","decl":{"start":{"line":218,"column":2},"end":{"line":218,"column":29}},"loc":{"start":{"line":218,"column":29},"end":{"line":237,"column":3}}},"13":{"name":"(anonymous_14)","decl":{"start":{"line":239,"column":2},"end":{"line":239,"column":31}},"loc":{"start":{"line":239,"column":53},"end":{"line":267,"column":3}}},"14":{"name":"(anonymous_15)","decl":{"start":{"line":269,"column":2},"end":{"line":269,"column":10}},"loc":{"start":{"line":269,"column":10},"end":{"line":280,"column":3}}},"15":{"name":"(anonymous_16)","decl":{"start":{"line":282,"column":2},"end":{"line":282,"column":15}},"loc":{"start":{"line":282,"column":15},"end":{"line":294,"column":3}}},"16":{"name":"(anonymous_17)","decl":{"start":{"line":296,"column":2},"end":{"line":296,"column":8}},"loc":{"start":{"line":296,"column":8},"end":{"line":308,"column":3}}},"17":{"name":"(anonymous_18)","decl":{"start":{"line":310,"column":2},"end":{"line":310,"column":8}},"loc":{"start":{"line":310,"column":8},"end":{"line":313,"column":3}}}},"branchMap":{"0":{"loc":{"start":{"line":27,"column":8},"end":{"line":40,"column":null}},"type":"if","locations":[{"start":{"line":27,"column":8},"end":{"line":40,"column":null}},{"start":{"line":38,"column":13},"end":{"line":40,"column":null}}]},"1":{"loc":{"start":{"line":27,"column":12},"end":{"line":27,"column":68}},"type":"binary-expr","locations":[{"start":{"line":27,"column":12},"end":{"line":27,"column":19}},{"start":{"line":27,"column":23},"end":{"line":27,"column":30}},{"start":{"line":27,"column":34},"end":{"line":27,"column":49}},{"start":{"line":27,"column":53},"end":{"line":27,"column":68}}]},"2":{"loc":{"start":{"line":30,"column":10},"end":{"line":35,"column":null}},"type":"if","locations":[{"start":{"line":30,"column":10},"end":{"line":35,"column":null}},{"start":{"line":32,"column":17},"end":{"line":35,"column":null}}]},"3":{"loc":{"start":{"line":30,"column":14},"end":{"line":30,"column":71}},"type":"binary-expr","locations":[{"start":{"line":30,"column":14},"end":{"line":30,"column":21}},{"start":{"line":30,"column":25},"end":{"line":30,"column":30}},{"start":{"line":30,"column":34},"end":{"line":30,"column":56}},{"start":{"line":30,"column":60},"end":{"line":30,"column":71}}]},"4":{"loc":{"start":{"line":47,"column":4},"end":{"line":59,"column":null}},"type":"if","locations":[{"start":{"line":47,"column":4},"end":{"line":59,"column":null}},{"start":{"line":51,"column":11},"end":{"line":59,"column":null}}]},"5":{"loc":{"start":{"line":51,"column":11},"end":{"line":59,"column":null}},"type":"if","locations":[{"start":{"line":51,"column":11},"end":{"line":59,"column":null}},{"start":{"line":55,"column":11},"end":{"line":59,"column":null}}]},"6":{"loc":{"start":{"line":51,"column":15},"end":{"line":51,"column":52}},"type":"binary-expr","locations":[{"start":{"line":51,"column":15},"end":{"line":51,"column":32}},{"start":{"line":51,"column":36},"end":{"line":51,"column":52}}]},"7":{"loc":{"start":{"line":82,"column":6},"end":{"line":95,"column":null}},"type":"if","locations":[{"start":{"line":82,"column":6},"end":{"line":95,"column":null}},{"start":{"line":91,"column":13},"end":{"line":95,"column":null}}]},"8":{"loc":{"start":{"line":84,"column":8},"end":{"line":90,"column":null}},"type":"if","locations":[{"start":{"line":84,"column":8},"end":{"line":90,"column":null}},{"start":{"line":86,"column":15},"end":{"line":90,"column":null}}]},"9":{"loc":{"start":{"line":114,"column":8},"end":{"line":118,"column":null}},"type":"if","locations":[{"start":{"line":114,"column":8},"end":{"line":118,"column":null}}]},"10":{"loc":{"start":{"line":114,"column":12},"end":{"line":114,"column":89}},"type":"binary-expr","locations":[{"start":{"line":114,"column":12},"end":{"line":114,"column":18}},{"start":{"line":114,"column":22},"end":{"line":114,"column":47}},{"start":{"line":114,"column":51},"end":{"line":114,"column":57}},{"start":{"line":114,"column":61},"end":{"line":114,"column":89}}]},"11":{"loc":{"start":{"line":115,"column":10},"end":{"line":117,"column":null}},"type":"if","locations":[{"start":{"line":115,"column":10},"end":{"line":117,"column":null}}]},"12":{"loc":{"start":{"line":122,"column":4},"end":{"line":124,"column":null}},"type":"if","locations":[{"start":{"line":122,"column":4},"end":{"line":124,"column":null}}]},"13":{"loc":{"start":{"line":132,"column":8},"end":{"line":134,"column":null}},"type":"if","locations":[{"start":{"line":132,"column":8},"end":{"line":134,"column":null}}]},"14":{"loc":{"start":{"line":144,"column":8},"end":{"line":146,"column":null}},"type":"if","locations":[{"start":{"line":144,"column":8},"end":{"line":146,"column":null}}]},"15":{"loc":{"start":{"line":155,"column":8},"end":{"line":157,"column":null}},"type":"if","locations":[{"start":{"line":155,"column":8},"end":{"line":157,"column":null}}]},"16":{"loc":{"start":{"line":167,"column":8},"end":{"line":169,"column":null}},"type":"if","locations":[{"start":{"line":167,"column":8},"end":{"line":169,"column":null}}]},"17":{"loc":{"start":{"line":178,"column":8},"end":{"line":180,"column":null}},"type":"if","locations":[{"start":{"line":178,"column":8},"end":{"line":180,"column":null}}]},"18":{"loc":{"start":{"line":190,"column":8},"end":{"line":192,"column":null}},"type":"if","locations":[{"start":{"line":190,"column":8},"end":{"line":192,"column":null}}]},"19":{"loc":{"start":{"line":205,"column":8},"end":{"line":207,"column":null}},"type":"if","locations":[{"start":{"line":205,"column":8},"end":{"line":207,"column":null}}]},"20":{"loc":{"start":{"line":210,"column":4},"end":{"line":213,"column":null}},"type":"if","locations":[{"start":{"line":210,"column":4},"end":{"line":213,"column":null}}]},"21":{"loc":{"start":{"line":224,"column":8},"end":{"line":229,"column":null}},"type":"if","locations":[{"start":{"line":224,"column":8},"end":{"line":229,"column":null}}]},"22":{"loc":{"start":{"line":226,"column":10},"end":{"line":228,"column":null}},"type":"if","locations":[{"start":{"line":226,"column":10},"end":{"line":228,"column":null}}]},"23":{"loc":{"start":{"line":226,"column":14},"end":{"line":226,"column":117}},"type":"binary-expr","locations":[{"start":{"line":226,"column":14},"end":{"line":226,"column":28}},{"start":{"line":226,"column":32},"end":{"line":226,"column":70}},{"start":{"line":226,"column":74},"end":{"line":226,"column":88}},{"start":{"line":226,"column":92},"end":{"line":226,"column":117}}]},"24":{"loc":{"start":{"line":232,"column":4},"end":{"line":234,"column":null}},"type":"if","locations":[{"start":{"line":232,"column":4},"end":{"line":234,"column":null}}]},"25":{"loc":{"start":{"line":247,"column":8},"end":{"line":259,"column":null}},"type":"if","locations":[{"start":{"line":247,"column":8},"end":{"line":259,"column":null}}]},"26":{"loc":{"start":{"line":251,"column":12},"end":{"line":253,"column":null}},"type":"if","locations":[{"start":{"line":251,"column":12},"end":{"line":253,"column":null}}]},"27":{"loc":{"start":{"line":251,"column":16},"end":{"line":251,"column":74}},"type":"binary-expr","locations":[{"start":{"line":251,"column":16},"end":{"line":251,"column":43}},{"start":{"line":251,"column":47},"end":{"line":251,"column":74}}]},"28":{"loc":{"start":{"line":256,"column":10},"end":{"line":258,"column":null}},"type":"if","locations":[{"start":{"line":256,"column":10},"end":{"line":258,"column":null}}]},"29":{"loc":{"start":{"line":262,"column":4},"end":{"line":264,"column":null}},"type":"if","locations":[{"start":{"line":262,"column":4},"end":{"line":264,"column":null}}]}},"s":{"0":1,"1":1,"2":1,"3":2,"4":2,"5":2,"6":3,"7":3,"8":3,"9":15,"10":15,"11":15,"12":75,"13":75,"14":48,"15":0,"16":48,"17":27,"18":15,"19":3,"20":3,"21":3,"22":3,"23":0,"24":0,"25":0,"26":0,"27":0,"28":3,"29":2,"30":2,"31":0,"32":0,"33":2,"34":2,"35":0,"36":0,"37":2,"38":2,"39":0,"40":0,"41":0,"42":0,"43":0,"44":0,"45":0,"46":0,"47":0,"48":0,"49":0,"50":0,"51":0,"52":0,"53":0,"54":0,"55":0,"56":0,"57":0,"58":0,"59":0,"60":0,"61":0,"62":0,"63":0,"64":0,"65":0,"66":0,"67":0,"68":0,"69":0,"70":0,"71":0,"72":0,"73":0,"74":0,"75":0,"76":0,"77":0,"78":0,"79":0,"80":0,"81":0,"82":0,"83":0,"84":0,"85":0,"86":0,"87":0,"88":0,"89":0,"90":0,"91":0,"92":0,"93":0,"94":0,"95":0,"96":0,"97":0,"98":0,"99":0,"100":0,"101":0,"102":0,"103":0,"104":0,"105":0,"106":0,"107":0,"108":0,"109":0,"110":0,"111":0,"112":0,"113":0,"114":0,"115":0,"116":0,"117":0,"118":0,"119":0,"120":0,"121":0,"122":0,"123":0,"124":0,"125":0,"126":0,"127":0,"128":0,"129":0,"130":0,"131":0,"132":0,"133":0,"134":0,"135":0,"136":0,"137":0,"138":0,"139":1,"140":1,"141":1,"142":5,"143":5,"144":25,"145":5,"146":1,"147":0,"148":0,"149":0,"150":0,"151":0,"152":0,"153":0,"154":0,"155":0,"156":0,"157":0,"158":0,"159":0,"160":0,"161":0,"162":0,"163":0,"164":0,"165":0,"166":1},"f":{"0":2,"1":3,"2":2,"3":0,"4":0,"5":0,"6":0,"7":0,"8":0,"9":0,"10":0,"11":0,"12":0,"13":0,"14":1,"15":0,"16":0,"17":0},"b":{"0":[48,27],"1":[75,60,48,36],"2":[0,48],"3":[48,15,9,0],"4":[3,0],"5":[0,0],"6":[0,0],"7":[0,0],"8":[0,0],"9":[0],"10":[0,0,0,0],"11":[0],"12":[0],"13":[0],"14":[0],"15":[0],"16":[0],"17":[0],"18":[0],"19":[0],"20":[0],"21":[0],"22":[0],"23":[0,0,0,0],"24":[0],"25":[0],"26":[0],"27":[0,0],"28":[0],"29":[0]}}
,"C:\\Users\\shmok\\Documents\\VSCode_Projects\\Classroom-Simulator-MQP\\Simulator\\Room\\Tiles.ts": {"path":"C:\\Users\\shmok\\Documents\\VSCode_Projects\\Classroom-Simulator-MQP\\Simulator\\Room\\Tiles.ts","statementMap":{"0":{"start":{"line":8,"column":4},"end":{"line":8,"column":18}},"1":{"start":{"line":9,"column":4},"end":{"line":9,"column":20}},"2":{"start":{"line":13,"column":4},"end":{"line":13,"column":19}},"3":{"start":{"line":115,"column":20},"end":{"line":115,"column":25}},"4":{"start":{"line":22,"column":4},"end":{"line":22,"column":18}},"5":{"start":{"line":23,"column":4},"end":{"line":23,"column":20}},"6":{"start":{"line":27,"column":4},"end":{"line":27,"column":19}},"7":{"start":{"line":115,"column":15},"end":{"line":115,"column":18}},"8":{"start":{"line":36,"column":4},"end":{"line":36,"column":18}},"9":{"start":{"line":37,"column":4},"end":{"line":37,"column":20}},"10":{"start":{"line":41,"column":4},"end":{"line":41,"column":19}},"11":{"start":{"line":115,"column":9},"end":{"line":115,"column":13}},"12":{"start":{"line":50,"column":4},"end":{"line":50,"column":18}},"13":{"start":{"line":51,"column":4},"end":{"line":51,"column":20}},"14":{"start":{"line":55,"column":4},"end":{"line":55,"column":19}},"15":{"start":{"line":115,"column":27},"end":{"line":115,"column":32}},"16":{"start":{"line":64,"column":4},"end":{"line":64,"column":18}},"17":{"start":{"line":65,"column":4},"end":{"line":65,"column":20}},"18":{"start":{"line":69,"column":4},"end":{"line":69,"column":19}},"19":{"start":{"line":115,"column":34},"end":{"line":115,"column":39}},"20":{"start":{"line":78,"column":4},"end":{"line":78,"column":18}},"21":{"start":{"line":79,"column":4},"end":{"line":79,"column":20}},"22":{"start":{"line":83,"column":4},"end":{"line":83,"column":19}},"23":{"start":{"line":115,"column":41},"end":{"line":115,"column":45}},"24":{"start":{"line":92,"column":4},"end":{"line":92,"column":18}},"25":{"start":{"line":93,"column":4},"end":{"line":93,"column":20}},"26":{"start":{"line":97,"column":4},"end":{"line":97,"column":19}},"27":{"start":{"line":115,"column":47},"end":{"line":115,"column":53}},"28":{"start":{"line":106,"column":4},"end":{"line":106,"column":18}},"29":{"start":{"line":107,"column":4},"end":{"line":107,"column":20}},"30":{"start":{"line":111,"column":4},"end":{"line":111,"column":19}},"31":{"start":{"line":115,"column":55},"end":{"line":115,"column":64}}},"fnMap":{"0":{"name":"(anonymous_0)","decl":{"start":{"line":7,"column":2},"end":{"line":7,"column":14}},"loc":{"start":{"line":7,"column":30},"end":{"line":10,"column":3}}},"1":{"name":"(anonymous_1)","decl":{"start":{"line":12,"column":2},"end":{"line":12,"column":10}},"loc":{"start":{"line":12,"column":10},"end":{"line":14,"column":3}}},"2":{"name":"(anonymous_2)","decl":{"start":{"line":21,"column":2},"end":{"line":21,"column":14}},"loc":{"start":{"line":21,"column":30},"end":{"line":24,"column":3}}},"3":{"name":"(anonymous_3)","decl":{"start":{"line":26,"column":2},"end":{"line":26,"column":10}},"loc":{"start":{"line":26,"column":10},"end":{"line":28,"column":3}}},"4":{"name":"(anonymous_4)","decl":{"start":{"line":35,"column":2},"end":{"line":35,"column":14}},"loc":{"start":{"line":35,"column":30},"end":{"line":38,"column":3}}},"5":{"name":"(anonymous_5)","decl":{"start":{"line":40,"column":2},"end":{"line":40,"column":10}},"loc":{"start":{"line":40,"column":10},"end":{"line":42,"column":3}}},"6":{"name":"(anonymous_6)","decl":{"start":{"line":49,"column":2},"end":{"line":49,"column":14}},"loc":{"start":{"line":49,"column":30},"end":{"line":52,"column":3}}},"7":{"name":"(anonymous_7)","decl":{"start":{"line":54,"column":2},"end":{"line":54,"column":10}},"loc":{"start":{"line":54,"column":10},"end":{"line":56,"column":3}}},"8":{"name":"(anonymous_8)","decl":{"start":{"line":63,"column":2},"end":{"line":63,"column":14}},"loc":{"start":{"line":63,"column":30},"end":{"line":66,"column":3}}},"9":{"name":"(anonymous_9)","decl":{"start":{"line":68,"column":2},"end":{"line":68,"column":10}},"loc":{"start":{"line":68,"column":10},"end":{"line":70,"column":3}}},"10":{"name":"(anonymous_10)","decl":{"start":{"line":77,"column":2},"end":{"line":77,"column":14}},"loc":{"start":{"line":77,"column":30},"end":{"line":80,"column":3}}},"11":{"name":"(anonymous_11)","decl":{"start":{"line":82,"column":2},"end":{"line":82,"column":10}},"loc":{"start":{"line":82,"column":10},"end":{"line":84,"column":3}}},"12":{"name":"(anonymous_12)","decl":{"start":{"line":91,"column":2},"end":{"line":91,"column":14}},"loc":{"start":{"line":91,"column":30},"end":{"line":94,"column":3}}},"13":{"name":"(anonymous_13)","decl":{"start":{"line":96,"column":2},"end":{"line":96,"column":10}},"loc":{"start":{"line":96,"column":10},"end":{"line":98,"column":3}}},"14":{"name":"(anonymous_14)","decl":{"start":{"line":105,"column":2},"end":{"line":105,"column":14}},"loc":{"start":{"line":105,"column":30},"end":{"line":108,"column":3}}},"15":{"name":"(anonymous_15)","decl":{"start":{"line":110,"column":2},"end":{"line":110,"column":10}},"loc":{"start":{"line":110,"column":10},"end":{"line":112,"column":3}}}},"branchMap":{},"s":{"0":27,"1":27,"2":9,"3":1,"4":0,"5":0,"6":0,"7":1,"8":48,"9":48,"10":15,"11":1,"12":0,"13":0,"14":0,"15":1,"16":0,"17":0,"18":0,"19":1,"20":3,"21":3,"22":1,"23":1,"24":0,"25":0,"26":0,"27":1,"28":0,"29":0,"30":0,"31":1},"f":{"0":27,"1":9,"2":0,"3":0,"4":48,"5":15,"6":0,"7":0,"8":0,"9":0,"10":3,"11":1,"12":0,"13":0,"14":0,"15":0},"b":{}}
}
