TN:
SF:Simulator\Config\CONFIG.ts
FN:22,(anonymous_0)
FN:33,(anonymous_1)
FNF:2
FNH:1
FNDA:1,(anonymous_0)
FNDA:0,(anonymous_1)
DA:23,1
DA:24,1
DA:25,1
DA:26,1
DA:27,1
DA:28,1
DA:29,1
DA:30,1
DA:34,0
DA:35,0
DA:36,0
DA:39,0
DA:43,1
LF:13
LH:9
BRDA:35,0,0,0
BRDA:35,1,0,0
BRDA:35,1,1,0
BRF:3
BRH:0
end_of_record
TN:
SF:Simulator\Helper Functions\GenerateRandomNumber.ts
FN:3,sRandom
FN:4,(anonymous_1)
FN:12,seededRandom
FNF:3
FNH:3
FNDA:6,sRandom
FNDA:6,(anonymous_1)
FNDA:6,seededRandom
DA:4,6
DA:5,6
DA:6,6
DA:7,6
DA:8,6
DA:13,6
DA:14,6
DA:19,1
LF:8
LH:8
BRF:0
BRH:0
end_of_record
TN:
SF:Simulator\Navigation\Coordinate.ts
FN:4,(anonymous_0)
FNF:1
FNH:1
FNDA:78,(anonymous_0)
DA:5,78
DA:6,78
DA:11,1
LF:3
LH:3
BRF:0
BRH:0
end_of_record
TN:
SF:Simulator\Room\Room.ts
FN:12,(anonymous_1)
FN:18,(anonymous_2)
FN:64,(anonymous_3)
FN:99,(anonymous_4)
FN:108,(anonymous_5)
FN:129,(anonymous_6)
FN:140,(anonymous_7)
FN:152,(anonymous_8)
FN:163,(anonymous_9)
FN:175,(anonymous_10)
FN:186,(anonymous_11)
FN:198,(anonymous_12)
FN:218,(anonymous_13)
FN:239,(anonymous_14)
FN:269,(anonymous_15)
FN:282,(anonymous_16)
FN:296,(anonymous_17)
FN:310,(anonymous_18)
FNF:18
FNH:4
FNDA:2,(anonymous_1)
FNDA:3,(anonymous_2)
FNDA:2,(anonymous_3)
FNDA:0,(anonymous_4)
FNDA:0,(anonymous_5)
FNDA:0,(anonymous_6)
FNDA:0,(anonymous_7)
FNDA:0,(anonymous_8)
FNDA:0,(anonymous_9)
FNDA:0,(anonymous_10)
FNDA:0,(anonymous_11)
FNDA:0,(anonymous_12)
FNDA:0,(anonymous_13)
FNDA:0,(anonymous_14)
FNDA:1,(anonymous_15)
FNDA:0,(anonymous_16)
FNDA:0,(anonymous_17)
FNDA:0,(anonymous_18)
DA:1,1
DA:3,1
DA:6,1
DA:13,2
DA:14,2
DA:15,2
DA:19,3
DA:21,3
DA:22,15
DA:24,15
DA:25,75
DA:27,75
DA:30,48
DA:31,0
DA:34,48
DA:39,27
DA:42,15
DA:46,3
DA:47,3
DA:49,3
DA:50,3
DA:51,0
DA:53,0
DA:54,0
DA:57,0
DA:58,0
DA:61,3
DA:66,2
DA:67,0
DA:68,0
DA:71,2
DA:72,0
DA:73,0
DA:76,2
DA:78,0
DA:80,0
DA:82,0
DA:83,0
DA:84,0
DA:85,0
DA:88,0
DA:89,0
DA:93,0
DA:94,0
DA:100,0
DA:101,0
DA:103,0
DA:105,0
DA:109,0
DA:111,0
DA:112,0
DA:114,0
DA:115,0
DA:116,0
DA:122,0
DA:123,0
DA:126,0
DA:130,0
DA:131,0
DA:132,0
DA:133,0
DA:137,0
DA:141,0
DA:142,0
DA:143,0
DA:144,0
DA:145,0
DA:149,0
DA:153,0
DA:154,0
DA:155,0
DA:156,0
DA:160,0
DA:164,0
DA:165,0
DA:166,0
DA:167,0
DA:168,0
DA:172,0
DA:176,0
DA:177,0
DA:178,0
DA:179,0
DA:183,0
DA:187,0
DA:188,0
DA:189,0
DA:190,0
DA:191,0
DA:195,0
DA:201,0
DA:203,0
DA:204,0
DA:205,0
DA:206,0
DA:210,0
DA:212,0
DA:215,0
DA:220,0
DA:222,0
DA:223,0
DA:224,0
DA:226,0
DA:227,0
DA:232,0
DA:233,0
DA:236,0
DA:243,0
DA:245,0
DA:246,0
DA:247,0
DA:248,0
DA:250,0
DA:251,0
DA:252,0
DA:256,0
DA:257,0
DA:262,0
DA:263,0
DA:266,0
DA:270,1
DA:272,1
DA:273,5
DA:274,25
DA:276,5
DA:279,1
DA:283,0
DA:285,0
DA:286,0
DA:287,0
DA:288,0
DA:290,0
DA:293,0
DA:297,0
DA:299,0
DA:300,0
DA:301,0
DA:302,0
DA:304,0
DA:307,0
DA:312,0
DA:316,1
LF:142
LH:31
BRDA:27,0,0,48
BRDA:27,0,1,27
BRDA:27,1,0,75
BRDA:27,1,1,60
BRDA:27,1,2,48
BRDA:27,1,3,36
BRDA:30,2,0,0
BRDA:30,2,1,48
BRDA:30,3,0,48
BRDA:30,3,1,15
BRDA:30,3,2,9
BRDA:30,3,3,0
BRDA:47,4,0,3
BRDA:47,4,1,0
BRDA:51,5,0,0
BRDA:51,5,1,0
BRDA:51,6,0,0
BRDA:51,6,1,0
BRDA:82,7,0,0
BRDA:82,7,1,0
BRDA:84,8,0,0
BRDA:84,8,1,0
BRDA:114,9,0,0
BRDA:114,10,0,0
BRDA:114,10,1,0
BRDA:114,10,2,0
BRDA:114,10,3,0
BRDA:115,11,0,0
BRDA:122,12,0,0
BRDA:132,13,0,0
BRDA:144,14,0,0
BRDA:155,15,0,0
BRDA:167,16,0,0
BRDA:178,17,0,0
BRDA:190,18,0,0
BRDA:205,19,0,0
BRDA:210,20,0,0
BRDA:224,21,0,0
BRDA:226,22,0,0
BRDA:226,23,0,0
BRDA:226,23,1,0
BRDA:226,23,2,0
BRDA:226,23,3,0
BRDA:232,24,0,0
BRDA:247,25,0,0
BRDA:251,26,0,0
BRDA:251,27,0,0
BRDA:251,27,1,0
BRDA:256,28,0,0
BRDA:262,29,0,0
BRF:50
BRH:11
end_of_record
TN:
SF:Simulator\Room\Tiles.ts
FN:7,(anonymous_0)
FN:12,(anonymous_1)
FN:21,(anonymous_2)
FN:26,(anonymous_3)
FN:35,(anonymous_4)
FN:40,(anonymous_5)
FN:49,(anonymous_6)
FN:54,(anonymous_7)
FN:63,(anonymous_8)
FN:68,(anonymous_9)
FN:77,(anonymous_10)
FN:82,(anonymous_11)
FN:91,(anonymous_12)
FN:96,(anonymous_13)
FN:105,(anonymous_14)
FN:110,(anonymous_15)
FNF:16
FNH:6
FNDA:27,(anonymous_0)
FNDA:9,(anonymous_1)
FNDA:0,(anonymous_2)
FNDA:0,(anonymous_3)
FNDA:48,(anonymous_4)
FNDA:15,(anonymous_5)
FNDA:0,(anonymous_6)
FNDA:0,(anonymous_7)
FNDA:0,(anonymous_8)
FNDA:0,(anonymous_9)
FNDA:3,(anonymous_10)
FNDA:1,(anonymous_11)
FNDA:0,(anonymous_12)
FNDA:0,(anonymous_13)
FNDA:0,(anonymous_14)
FNDA:0,(anonymous_15)
DA:8,27
DA:9,27
DA:13,9
DA:22,0
DA:23,0
DA:27,0
DA:36,48
DA:37,48
DA:41,15
DA:50,0
DA:51,0
DA:55,0
DA:64,0
DA:65,0
DA:69,0
DA:78,3
DA:79,3
DA:83,1
DA:92,0
DA:93,0
DA:97,0
DA:106,0
DA:107,0
DA:111,0
DA:115,1
LF:25
LH:10
BRF:0
BRH:0
end_of_record
